<?xml version="1.0" encoding="UTF-8"?>
<!-- Generated by org.testng.reporters.JUnitXMLReporter -->
<testsuite ignored="35" hostname="DESKTOP-A0BPQKA" failures="0" tests="1" name="Default test" time="0.171" errors="0" timestamp="2021-09-17T21:46:29 FJT">
  <testcase classname="parkIndustriesOutSystems.testCases.BaseClass" name="@BeforeClass setup" time="-1.631871989463E9">
    <failure type="org.testng.TestNGException" message="
Parameter &amp;apos;browser&amp;apos; is required by BeforeClass on method setup but has not been marked @Optional or defined
in C:\Users\karal\AppData\Local\Temp\testng-eclipse--1623730555\testng-customsuite.xml">
      <![CDATA[org.testng.TestNGException: 
Parameter 'browser' is required by BeforeClass on method setup but has not been marked @Optional or defined
in C:\Users\karal\AppData\Local\Temp\testng-eclipse--1623730555\testng-customsuite.xml
at org.testng.internal.Parameters.createParams(Parameters.java:272)
at org.testng.internal.Parameters.createParametersForMethod(Parameters.java:360)
at org.testng.internal.Parameters.createParameters(Parameters.java:704)
at org.testng.internal.Parameters.createConfigurationParameters(Parameters.java:166)
at org.testng.internal.ConfigInvoker.invokeConfigurations(ConfigInvoker.java:283)
at org.testng.internal.TestMethodWorker.invokeBeforeClassMethods(TestMethodWorker.java:176)
at org.testng.internal.TestMethodWorker.run(TestMethodWorker.java:122)
at java.base/java.util.ArrayList.forEach(ArrayList.java:1511)
at org.testng.TestRunner.privateRun(TestRunner.java:766)
at org.testng.TestRunner.run(TestRunner.java:587)
at org.testng.SuiteRunner.runTest(SuiteRunner.java:384)
at org.testng.SuiteRunner.runSequentially(SuiteRunner.java:378)
at org.testng.SuiteRunner.privateRun(SuiteRunner.java:337)
at org.testng.SuiteRunner.run(SuiteRunner.java:286)
at org.testng.SuiteRunnerWorker.runSuite(SuiteRunnerWorker.java:53)
at org.testng.SuiteRunnerWorker.run(SuiteRunnerWorker.java:96)
at org.testng.TestNG.runSuitesSequentially(TestNG.java:1187)
at org.testng.TestNG.runSuitesLocally(TestNG.java:1109)
at org.testng.TestNG.runSuites(TestNG.java:1039)
at org.testng.TestNG.run(TestNG.java:1007)
at org.testng.remote.AbstractRemoteTestNG.run(AbstractRemoteTestNG.java:115)
at org.testng.remote.RemoteTestNG.initAndRun(RemoteTestNG.java:251)
at org.testng.remote.RemoteTestNG.main(RemoteTestNG.java:77)
]]>
    </failure>
  </testcase> <!-- @BeforeClass setup -->
  <testcase classname="parkIndustriesOutSystems.testCases.BaseClass" name="@AfterClass tearDown" time="-1.631871989611E9">
    <skipped/>
  </testcase> <!-- @AfterClass tearDown -->
  <testcase classname="parkIndustriesOutSystems.testCases.TC_BootsAndLuggageReimbursementForm_001" name="bootsLuggageReimbursementDetails2" time="0.0">
    <skipped/>
  </testcase> <!-- bootsLuggageReimbursementDetails2 -->
  <testcase classname="parkIndustriesOutSystems.testCases.TC_BootsAndLuggageReimbursementForm_001" name="newRequest1" time="0.0">
    <ignored/>
  </testcase> <!-- newRequest1 -->
  <testcase classname="parkIndustriesOutSystems.testCases.TC_BootsAndLuggageReimbursementForm_001" name="goToForms2" time="0.0">
    <ignored/>
  </testcase> <!-- goToForms2 -->
  <testcase classname="parkIndustriesOutSystems.testCases.TC_BootsAndLuggageReimbursementForm_001" name="bootsLuggageReimbursementForm6" time="0.0">
    <ignored/>
  </testcase> <!-- bootsLuggageReimbursementForm6 -->
  <testcase classname="parkIndustriesOutSystems.testCases.TC_BootsAndLuggageReimbursementForm_001" name="bootsLuggageReimbursementForm5" time="0.0">
    <ignored/>
  </testcase> <!-- bootsLuggageReimbursementForm5 -->
  <testcase classname="parkIndustriesOutSystems.testCases.TC_BootsAndLuggageReimbursementForm_001" name="bootsLuggageReimbursementForm4" time="0.0">
    <ignored/>
  </testcase> <!-- bootsLuggageReimbursementForm4 -->
  <testcase classname="parkIndustriesOutSystems.testCases.TC_BootsAndLuggageReimbursementForm_001" name="bootsLuggageReimbursementForm3" time="0.0">
    <ignored/>
  </testcase> <!-- bootsLuggageReimbursementForm3 -->
  <testcase classname="parkIndustriesOutSystems.testCases.TC_BootsAndLuggageReimbursementForm_001" name="bootsLuggageReimbursementForm2" time="0.0">
    <ignored/>
  </testcase> <!-- bootsLuggageReimbursementForm2 -->
  <testcase classname="parkIndustriesOutSystems.testCases.TC_BootsAndLuggageReimbursementForm_001" name="clickBootsandLuggageReimbursement" time="0.0">
    <ignored/>
  </testcase> <!-- clickBootsandLuggageReimbursement -->
  <testcase classname="parkIndustriesOutSystems.testCases.TC_BootsAndLuggageReimbursementForm_001" name="bootsLuggageReimbursementForm1" time="0.0">
    <ignored/>
  </testcase> <!-- bootsLuggageReimbursementForm1 -->
  <testcase classname="parkIndustriesOutSystems.testCases.TC_BootsAndLuggageReimbursementForm_001" name="associateReimbursementFormHeader1" time="0.0">
    <ignored/>
  </testcase> <!-- associateReimbursementFormHeader1 -->
  <testcase classname="parkIndustriesOutSystems.testCases.TC_BootsAndLuggageReimbursementForm_001" name="goToSampleLoginHeader" time="0.0">
    <ignored/>
  </testcase> <!-- goToSampleLoginHeader -->
  <testcase classname="parkIndustriesOutSystems.testCases.TC_BootsAndLuggageReimbursementForm_001" name="associateReimbursementFormHeader2" time="0.0">
    <ignored/>
  </testcase> <!-- associateReimbursementFormHeader2 -->
  <testcase classname="parkIndustriesOutSystems.testCases.TC_BootsAndLuggageReimbursementForm_001" name="associateReimbursementFormHeader3" time="0.0">
    <ignored/>
  </testcase> <!-- associateReimbursementFormHeader3 -->
  <testcase classname="parkIndustriesOutSystems.testCases.TC_BootsAndLuggageReimbursementForm_001" name="bootsLuggageRequestForm1" time="0.0">
    <ignored/>
  </testcase> <!-- bootsLuggageRequestForm1 -->
  <testcase classname="parkIndustriesOutSystems.testCases.TC_BootsAndLuggageReimbursementForm_001" name="personalInfoHeader" time="0.0">
    <ignored/>
  </testcase> <!-- personalInfoHeader -->
  <testcase classname="parkIndustriesOutSystems.testCases.TC_BootsAndLuggageReimbursementForm_001" name="parkAssociateUserLogin" time="0.0">
    <ignored/>
  </testcase> <!-- parkAssociateUserLogin -->
  <testcase classname="parkIndustriesOutSystems.testCases.TC_BootsAndLuggageReimbursementForm_001" name="enterCommentDetails" time="0.0">
    <ignored/>
  </testcase> <!-- enterCommentDetails -->
  <testcase classname="parkIndustriesOutSystems.testCases.TC_BootsAndLuggageReimbursementForm_001" name="formsColumnYear" time="0.0">
    <ignored/>
  </testcase> <!-- formsColumnYear -->
  <testcase classname="parkIndustriesOutSystems.testCases.TC_BootsAndLuggageReimbursementForm_001" name="formsColumnAssociateNumber" time="0.0">
    <ignored/>
  </testcase> <!-- formsColumnAssociateNumber -->
  <testcase classname="parkIndustriesOutSystems.testCases.TC_BootsAndLuggageReimbursementForm_001" name="formsColumnDepartment" time="0.0">
    <ignored/>
  </testcase> <!-- formsColumnDepartment -->
  <testcase classname="parkIndustriesOutSystems.testCases.TC_BootsAndLuggageReimbursementForm_001" name="associateFormsHeader" time="0.0">
    <ignored/>
  </testcase> <!-- associateFormsHeader -->
  <testcase classname="parkIndustriesOutSystems.testCases.TC_BootsAndLuggageReimbursementForm_001" name="formsColumnStatus" time="0.0">
    <ignored/>
  </testcase> <!-- formsColumnStatus -->
  <testcase classname="parkIndustriesOutSystems.testCases.TC_BootsAndLuggageReimbursementForm_001" name="bootsLuggageReimbursementDetails1" time="0.0">
    <ignored/>
  </testcase> <!-- bootsLuggageReimbursementDetails1 -->
  <testcase classname="parkIndustriesOutSystems.testCases.TC_BootsAndLuggageReimbursementForm_001" name="addCommentHeader" time="0.0">
    <ignored/>
  </testcase> <!-- addCommentHeader -->
  <testcase classname="parkIndustriesOutSystems.testCases.TC_BootsAndLuggageReimbursementForm_001" name="bootsLuggageReimbursementForm9" time="0.0">
    <ignored/>
  </testcase> <!-- bootsLuggageReimbursementForm9 -->
  <testcase classname="parkIndustriesOutSystems.testCases.TC_BootsAndLuggageReimbursementForm_001" name="bootsLuggageReimbursementForm8" time="0.0">
    <ignored/>
  </testcase> <!-- bootsLuggageReimbursementForm8 -->
  <testcase classname="parkIndustriesOutSystems.testCases.TC_BootsAndLuggageReimbursementForm_001" name="formsColumnCaseNumber" time="0.0">
    <ignored/>
  </testcase> <!-- formsColumnCaseNumber -->
  <testcase classname="parkIndustriesOutSystems.testCases.TC_BootsAndLuggageReimbursementForm_001" name="bootsLuggageReimbursementForm7" time="0.0">
    <ignored/>
  </testcase> <!-- bootsLuggageReimbursementForm7 -->
  <testcase classname="parkIndustriesOutSystems.testCases.TC_BootsAndLuggageReimbursementForm_001" name="formsColumnAssociate" time="0.0">
    <ignored/>
  </testcase> <!-- formsColumnAssociate -->
  <testcase classname="parkIndustriesOutSystems.testCases.TC_BootsAndLuggageReimbursementForm_001" name="associateFormsPortal" time="0.0">
    <ignored/>
  </testcase> <!-- associateFormsPortal -->
  <testcase classname="parkIndustriesOutSystems.testCases.TC_BootsAndLuggageReimbursementForm_001" name="formsColumnDateSubmitted" time="0.0">
    <ignored/>
  </testcase> <!-- formsColumnDateSubmitted -->
  <testcase classname="parkIndustriesOutSystems.testCases.TC_BootsAndLuggageReimbursementForm_001" name="personalInfoDetails" time="0.0">
    <ignored/>
  </testcase> <!-- personalInfoDetails -->
  <testcase classname="parkIndustriesOutSystems.testCases.TC_BootsAndLuggageReimbursementForm_001" name="bootsLuggageReimbursementHeader" time="0.0">
    <ignored/>
  </testcase> <!-- bootsLuggageReimbursementHeader -->
  <testcase classname="parkIndustriesOutSystems.testCases.TC_BootsAndLuggageReimbursementForm_001" name="pageMovement" time="0.0">
    <ignored/>
  </testcase> <!-- pageMovement -->
  <testcase classname="parkIndustriesOutSystems.testCases.TC_BootsAndLuggageReimbursementForm_001" name="bootsLuggageReimbursementForm10" time="0.0">
    <ignored/>
  </testcase> <!-- bootsLuggageReimbursementForm10 -->
</testsuite> <!-- Default test -->
