<?xml version="1.0" encoding="UTF-8"?>
<!-- Generated by org.testng.reporters.JUnitXMLReporter -->
<testsuite ignored="0" hostname="DESKTOP-A0BPQKA" failures="0" tests="3" name="Park Industries OutSystems - Chrome Test" time="15.797" errors="0" timestamp="2021-06-22T18:44:09 FJT">
  <testcase classname="parkIndustriesOutSystems.testCases.TC_LoginOutSystems_001" name="loginPage" time="3.911"/>
  <testcase classname="parkIndustriesOutSystems.testCases.TC_LoginOutSystems_001" name="hrPage" time="3.381"/>
  <testcase classname="parkIndustriesOutSystems.testCases.TC_LoginOutSystems_001" name="logoutPage" time="0.423"/>
</testsuite> <!-- Park Industries OutSystems - Chrome Test -->
