<?xml version="1.0" encoding="UTF-8"?>
<testng-results ignored="0" total="8" passed="8" failed="0" skipped="0">
  <reporter-output>
  </reporter-output>
  <suite started-at="2021-09-29T08:25:30 FJT" name="ParkIndustriesOutSystemsv1" finished-at="2021-09-29T08:26:48 FJT" duration-ms="77653">
    <groups>
    </groups>
    <test started-at="2021-09-29T08:25:30 FJT" name="Park Industries OutSystems - Chrome Test" finished-at="2021-09-29T08:26:48 FJT" duration-ms="77653">
      <class name="parkIndustriesOutSystems.testCases.TC_BootsAndLuggageReimbursementForm_002">
        <test-method is-config="true" signature="setup(java.lang.String)[pri:0, instance:parkIndustriesOutSystems.testCases.TC_BootsAndLuggageReimbursementForm_002@460d0a57]" started-at="2021-09-29T08:25:37 FJT" name="setup" finished-at="2021-09-29T08:25:55 FJT" duration-ms="18022" status="PASS">
          <params>
            <param index="0">
              <value>
                <![CDATA[chrome]]>
              </value>
            </param>
          </params>
          <reporter-output>
          </reporter-output>
        </test-method> <!-- setup -->
        <test-method signature="parkAssociateUserLogin()[pri:0, instance:parkIndustriesOutSystems.testCases.TC_BootsAndLuggageReimbursementForm_002@460d0a57]" started-at="2021-09-29T08:25:55 FJT" name="parkAssociateUserLogin" finished-at="2021-09-29T08:26:17 FJT" duration-ms="22204" status="PASS">
          <reporter-output>
          </reporter-output>
        </test-method> <!-- parkAssociateUserLogin -->
        <test-method signature="receiptFields9()[pri:1, instance:parkIndustriesOutSystems.testCases.TC_BootsAndLuggageReimbursementForm_002@460d0a57]" started-at="2021-09-29T08:26:17 FJT" name="receiptFields9" finished-at="2021-09-29T08:26:28 FJT" duration-ms="10909" status="PASS">
          <reporter-output>
          </reporter-output>
        </test-method> <!-- receiptFields9 -->
        <test-method signature="receiptFields10()[pri:2, instance:parkIndustriesOutSystems.testCases.TC_BootsAndLuggageReimbursementForm_002@460d0a57]" started-at="2021-09-29T08:26:28 FJT" name="receiptFields10" finished-at="2021-09-29T08:26:31 FJT" duration-ms="3246" status="PASS">
          <reporter-output>
          </reporter-output>
        </test-method> <!-- receiptFields10 -->
        <test-method signature="receiptFields11()[pri:3, instance:parkIndustriesOutSystems.testCases.TC_BootsAndLuggageReimbursementForm_002@460d0a57]" started-at="2021-09-29T08:26:31 FJT" name="receiptFields11" finished-at="2021-09-29T08:26:34 FJT" duration-ms="3082" status="PASS">
          <reporter-output>
          </reporter-output>
        </test-method> <!-- receiptFields11 -->
        <test-method signature="receiptFields12()[pri:4, instance:parkIndustriesOutSystems.testCases.TC_BootsAndLuggageReimbursementForm_002@460d0a57]" started-at="2021-09-29T08:26:34 FJT" name="receiptFields12" finished-at="2021-09-29T08:26:37 FJT" duration-ms="3123" status="PASS">
          <reporter-output>
          </reporter-output>
        </test-method> <!-- receiptFields12 -->
        <test-method signature="requestSummary2()[pri:5, instance:parkIndustriesOutSystems.testCases.TC_BootsAndLuggageReimbursementForm_002@460d0a57]" started-at="2021-09-29T08:26:37 FJT" name="requestSummary2" finished-at="2021-09-29T08:26:41 FJT" duration-ms="3230" status="PASS">
          <reporter-output>
          </reporter-output>
        </test-method> <!-- requestSummary2 -->
        <test-method signature="saveSubmit()[pri:6, instance:parkIndustriesOutSystems.testCases.TC_BootsAndLuggageReimbursementForm_002@460d0a57]" started-at="2021-09-29T08:26:41 FJT" name="saveSubmit" finished-at="2021-09-29T08:26:44 FJT" duration-ms="3501" status="PASS">
          <reporter-output>
          </reporter-output>
        </test-method> <!-- saveSubmit -->
        <test-method signature="statusUpdate()[pri:7, instance:parkIndustriesOutSystems.testCases.TC_BootsAndLuggageReimbursementForm_002@460d0a57]" started-at="2021-09-29T08:26:44 FJT" name="statusUpdate" finished-at="2021-09-29T08:26:47 FJT" duration-ms="3168" status="PASS">
          <reporter-output>
          </reporter-output>
        </test-method> <!-- statusUpdate -->
        <test-method is-config="true" signature="tearDown()[pri:0, instance:parkIndustriesOutSystems.testCases.TC_BootsAndLuggageReimbursementForm_002@460d0a57]" started-at="2021-09-29T08:26:47 FJT" name="tearDown" finished-at="2021-09-29T08:26:48 FJT" duration-ms="704" status="PASS">
          <reporter-output>
          </reporter-output>
        </test-method> <!-- tearDown -->
      </class> <!-- parkIndustriesOutSystems.testCases.TC_BootsAndLuggageReimbursementForm_002 -->
    </test> <!-- Park Industries OutSystems - Chrome Test -->
  </suite> <!-- ParkIndustriesOutSystemsv1 -->
</testng-results>
