<?xml version="1.0" encoding="UTF-8"?>
<testng-results ignored="0" total="3" passed="3" failed="0" skipped="0">
  <reporter-output>
  </reporter-output>
  <suite started-at="2021-09-08T23:01:36 FJT" name="ParkIndustriesOutSystemsv1" finished-at="2021-09-08T23:02:13 FJT" duration-ms="36167">
    <groups>
    </groups>
    <test started-at="2021-09-08T23:01:36 FJT" name="Park Industries OutSystems - Chrome Test" finished-at="2021-09-08T23:02:13 FJT" duration-ms="36167">
      <class name="parkIndustriesOutSystems.testCases.TC_LoginOutSystems_001">
        <test-method is-config="true" signature="setup(java.lang.String)[pri:0, instance:parkIndustriesOutSystems.testCases.TC_LoginOutSystems_001@778d1062]" started-at="2021-09-08T23:01:37 FJT" name="setup" finished-at="2021-09-08T23:01:43 FJT" duration-ms="6865" status="PASS">
          <params>
            <param index="0">
              <value>
                <![CDATA[chrome]]>
              </value>
            </param>
          </params>
          <reporter-output>
          </reporter-output>
        </test-method> <!-- setup -->
        <test-method signature="loginPage()[pri:0, instance:parkIndustriesOutSystems.testCases.TC_LoginOutSystems_001@778d1062]" started-at="2021-09-08T23:01:43 FJT" name="loginPage" finished-at="2021-09-08T23:02:02 FJT" duration-ms="18073" status="PASS">
          <reporter-output>
          </reporter-output>
        </test-method> <!-- loginPage -->
        <test-method signature="hrPage()[pri:1, instance:parkIndustriesOutSystems.testCases.TC_LoginOutSystems_001@778d1062]" started-at="2021-09-08T23:02:02 FJT" name="hrPage" finished-at="2021-09-08T23:02:05 FJT" duration-ms="3664" status="PASS">
          <reporter-output>
          </reporter-output>
        </test-method> <!-- hrPage -->
        <test-method signature="logoutPage()[pri:2, instance:parkIndustriesOutSystems.testCases.TC_LoginOutSystems_001@778d1062]" started-at="2021-09-08T23:02:05 FJT" name="logoutPage" finished-at="2021-09-08T23:02:12 FJT" duration-ms="7127" status="PASS">
          <reporter-output>
          </reporter-output>
        </test-method> <!-- logoutPage -->
        <test-method is-config="true" signature="tearDown()[pri:0, instance:parkIndustriesOutSystems.testCases.TC_LoginOutSystems_001@778d1062]" started-at="2021-09-08T23:02:12 FJT" name="tearDown" finished-at="2021-09-08T23:02:13 FJT" duration-ms="233" status="PASS">
          <reporter-output>
          </reporter-output>
        </test-method> <!-- tearDown -->
      </class> <!-- parkIndustriesOutSystems.testCases.TC_LoginOutSystems_001 -->
    </test> <!-- Park Industries OutSystems - Chrome Test -->
  </suite> <!-- ParkIndustriesOutSystemsv1 -->
</testng-results>
