<?xml version="1.0" encoding="UTF-8"?>
<!-- Generated by org.testng.reporters.JUnitXMLReporter -->
<testsuite ignored="0" hostname="DESKTOP-A0BPQKA" failures="0" tests="8" name="Park Industries OutSystems - Chrome Test" time="77.653" errors="0" timestamp="2021-09-29T08:26:48 FJT">
  <testcase classname="parkIndustriesOutSystems.testCases.TC_BootsAndLuggageReimbursementForm_002" name="parkAssociateUserLogin" time="22.204"/>
  <testcase classname="parkIndustriesOutSystems.testCases.TC_BootsAndLuggageReimbursementForm_002" name="receiptFields9" time="10.909"/>
  <testcase classname="parkIndustriesOutSystems.testCases.TC_BootsAndLuggageReimbursementForm_002" name="receiptFields10" time="3.246"/>
  <testcase classname="parkIndustriesOutSystems.testCases.TC_BootsAndLuggageReimbursementForm_002" name="receiptFields11" time="3.082"/>
  <testcase classname="parkIndustriesOutSystems.testCases.TC_BootsAndLuggageReimbursementForm_002" name="receiptFields12" time="3.123"/>
  <testcase classname="parkIndustriesOutSystems.testCases.TC_BootsAndLuggageReimbursementForm_002" name="requestSummary2" time="3.23"/>
  <testcase classname="parkIndustriesOutSystems.testCases.TC_BootsAndLuggageReimbursementForm_002" name="saveSubmit" time="3.501"/>
  <testcase classname="parkIndustriesOutSystems.testCases.TC_BootsAndLuggageReimbursementForm_002" name="statusUpdate" time="3.168"/>
</testsuite> <!-- Park Industries OutSystems - Chrome Test -->
